<?xml version="1.0" encoding="UTF-8"?>
<testsuite xmlns:xsi="http://www.w3.org/2001/XMLSchema-instance" xsi:noNamespaceSchemaLocation="https://maven.apache.org/surefire/maven-surefire-plugin/xsd/surefire-test-report.xsd" version="3.0.2" name="org.springframework.samples.petclinic.MySqlIntegrationTests" time="168.183" tests="2" errors="0" skipped="0" failures="0">
  <properties>
[...]
</properties>
  <testcase name="testFindAll" classname="org.springframework.samples.petclinic.MySqlIntegrationTests" time="0.115">
    <system-out><![CDATA[2025-08-05T06:25:11.975Z  INFO 1824 --- [           main] org.testcontainers.DockerClientFactory   : Testcontainers version: 1.21.0
2025-08-05T06:25:14.093Z  INFO 1824 --- [           main] o.t.d.DockerClientProviderStrategy       : Found Docker environment with local Unix socket (unix:///var/run/docker.sock)
2025-08-05T06:25:14.103Z  INFO 1824 --- [           main] org.testcontainers.DockerClientFactory   : Docker host IP address is localhost
2025-08-05T06:25:14.148Z  INFO 1824 --- [           main] org.testcontainers.DockerClientFactory   : Connected to docker: 
  Server Version: 28.0.1
  API Version: 1.48
  Operating System: Ubuntu 24.04.1 LTS
  Total Memory: 7856 MB
2025-08-05T06:25:14.179Z  INFO 1824 --- [           main] org.testcontainers.images.PullPolicy     : Image pull policy will be performed by: DefaultPullPolicy()
2025-08-05T06:25:14.184Z  INFO 1824 --- [           main] o.t.utility.ImageNameSubstitutor         : Image name substitution will be performed by: DefaultImageNameSubstitutor (composite of 'ConfigurationFileImageNameSubstitutor' and 'PrefixingImageNameSubstitutor')
2025-08-05T06:25:14.320Z  INFO 1824 --- [           main] tc.testcontainers/ryuk:0.11.0            : Pulling docker image: testcontainers/ryuk:0.11.0. Please be patient; this may take some time but only needs to be done once.
2025-08-05T06:25:17.799Z  INFO 1824 --- [eam--1604021351] tc.testcontainers/ryuk:0.11.0            : Starting to pull image
2025-08-05T06:25:17.849Z  INFO 1824 --- [eam--1604021351] tc.testcontainers/ryuk:0.11.0            : Pulling image layers:  0 pending,  0 downloaded,  0 extracted, (0 bytes/0 bytes)
2025-08-05T06:25:22.932Z  INFO 1824 --- [eam--1604021351] tc.testcontainers/ryuk:0.11.0            : Pulling image layers:  2 pending,  1 downloaded,  0 extracted, (4 MB/? MB)
2025-08-05T06:25:23.198Z  INFO 1824 --- [eam--1604021351] tc.testcontainers/ryuk:0.11.0            : Pulling image layers:  2 pending,  1 downloaded,  1 extracted, (5 MB/? MB)
2025-08-05T06:25:23.538Z  INFO 1824 --- [eam--1604021351] tc.testcontainers/ryuk:0.11.0            : Pulling image layers:  2 pending,  1 downloaded,  2 extracted, (6 MB/? MB)
2025-08-05T06:25:25.559Z  INFO 1824 --- [eam--1604021351] tc.testcontainers/ryuk:0.11.0            : Pulling image layers:  1 pending,  2 downloaded,  2 extracted, (10 MB/? MB)
2025-08-05T06:25:25.674Z  INFO 1824 --- [eam--1604021351] tc.testcontainers/ryuk:0.11.0            : Pulling image layers:  1 pending,  2 downloaded,  3 extracted, (10 MB/? MB)
2025-08-05T06:25:25.705Z  INFO 1824 --- [eam--1604021351] tc.testcontainers/ryuk:0.11.0            : Pull complete. 3 layers, pulled in 7s (downloaded 10 MB at 1 MB/s)
2025-08-05T06:25:25.705Z  INFO 1824 --- [           main] tc.testcontainers/ryuk:0.11.0            : Image testcontainers/ryuk:0.11.0 pull took PT11.384568636S
2025-08-05T06:25:25.763Z  INFO 1824 --- [           main] tc.testcontainers/ryuk:0.11.0            : Creating container for image: testcontainers/ryuk:0.11.0
2025-08-05T06:25:26.020Z  INFO 1824 --- [           main] tc.testcontainers/ryuk:0.11.0            : Container testcontainers/ryuk:0.11.0 is starting: 05ca914be487ea983b1c54967832d37e3cc3ae032681086bebdae88cff1863e7
2025-08-05T06:25:26.869Z  INFO 1824 --- [           main] tc.testcontainers/ryuk:0.11.0            : Container testcontainers/ryuk:0.11.0 started in PT1.106272951S
2025-08-05T06:25:26.878Z  INFO 1824 --- [           main] o.t.utility.RyukResourceReaper           : Ryuk started - will monitor and terminate Testcontainers containers on JVM exit
2025-08-05T06:25:26.879Z  INFO 1824 --- [           main] org.testcontainers.DockerClientFactory   : Checking the system...
2025-08-05T06:25:26.880Z  INFO 1824 --- [           main] org.testcontainers.DockerClientFactory   : ✔︎ Docker server version should be at least 1.6.0
2025-08-05T06:25:26.889Z  INFO 1824 --- [           main] t.c.s.AnnotationConfigContextLoaderUtils : Could not detect default configuration classes for test class [org.springframework.samples.petclinic.MySqlIntegrationTests]: MySqlIntegrationTests does not declare any static, non-private, non-final, nested classes annotated with @Configuration.
2025-08-05T06:25:26.905Z  INFO 1824 --- [           main] tc.mysql:9.2                             : Pulling docker image: mysql:9.2. Please be patient; this may take some time but only needs to be done once.
2025-08-05T06:25:30.122Z  INFO 1824 --- [ream--788184880] tc.mysql:9.2                             : Starting to pull image
2025-08-05T06:25:30.124Z  INFO 1824 --- [ream--788184880] tc.mysql:9.2                             : Pulling image layers:  0 pending,  0 downloaded,  0 extracted, (0 bytes/0 bytes)
2025-08-05T06:25:32.562Z  INFO 1824 --- [ream--788184880] tc.mysql:9.2                             : Pulling image layers:  9 pending,  1 downloaded,  0 extracted, (10 KB/? MB)
2025-08-05T06:25:33.528Z  INFO 1824 --- [ream--788184880] tc.mysql:9.2                             : Pulling image layers:  8 pending,  2 downloaded,  0 extracted, (3 MB/? MB)
2025-08-05T06:25:35.322Z  INFO 1824 --- [ream--788184880] tc.mysql:9.2                             : Pulling image layers:  7 pending,  3 downloaded,  0 extracted, (7 MB/? MB)
2025-08-05T06:25:36.426Z  INFO 1824 --- [ream--788184880] tc.mysql:9.2                             : Pulling image layers:  6 pending,  4 downloaded,  0 extracted, (10 MB/? MB)
2025-08-05T06:25:37.369Z  INFO 1824 --- [ream--788184880] tc.mysql:9.2                             : Pulling image layers:  5 pending,  5 downloaded,  0 extracted, (12 MB/? MB)
2025-08-05T06:25:38.532Z  INFO 1824 --- [ream--788184880] tc.mysql:9.2                             : Pulling image layers:  4 pending,  6 downloaded,  0 extracted, (15 MB/? MB)
2025-08-05T06:26:24.078Z  INFO 1824 --- [ream--788184880] tc.mysql:9.2                             : Pulling image layers:  3 pending,  7 downloaded,  0 extracted, (143 MB/? MB)
2025-08-05T06:26:24.106Z  INFO 1824 --- [ream--788184880] tc.mysql:9.2                             : Pulling image layers:  2 pending,  8 downloaded,  0 extracted, (143 MB/? MB)
2025-08-05T06:26:25.375Z  INFO 1824 --- [ream--788184880] tc.mysql:9.2                             : Pulling image layers:  1 pending,  9 downloaded,  0 extracted, (144 MB/? MB)
2025-08-05T06:26:28.086Z  INFO 1824 --- [ream--788184880] tc.mysql:9.2                             : Pulling image layers:  1 pending,  9 downloaded,  1 extracted, (149 MB/? MB)
2025-08-05T06:26:28.130Z  INFO 1824 --- [ream--788184880] tc.mysql:9.2                             : Pulling image layers:  1 pending,  9 downloaded,  2 extracted, (149 MB/? MB)
2025-08-05T06:26:28.211Z  INFO 1824 --- [ream--788184880] tc.mysql:9.2                             : Pulling image layers:  1 pending,  9 downloaded,  3 extracted, (150 MB/? MB)
2025-08-05T06:26:28.896Z  INFO 1824 --- [ream--788184880] tc.mysql:9.2                             : Pulling image layers:  1 pending,  9 downloaded,  4 extracted, (152 MB/? MB)
2025-08-05T06:26:28.943Z  INFO 1824 --- [ream--788184880] tc.mysql:9.2                             : Pulling image layers:  1 pending,  9 downloaded,  5 extracted, (153 MB/? MB)
2025-08-05T06:26:28.980Z  INFO 1824 --- [ream--788184880] tc.mysql:9.2                             : Pulling image layers:  1 pending,  9 downloaded,  6 extracted, (153 MB/? MB)
2025-08-05T06:26:31.933Z  INFO 1824 --- [ream--788184880] tc.mysql:9.2                             : Pulling image layers:  1 pending,  9 downloaded,  7 extracted, (161 MB/? MB)
2025-08-05T06:26:31.969Z  INFO 1824 --- [ream--788184880] tc.mysql:9.2                             : Pulling image layers:  1 pending,  9 downloaded,  8 extracted, (161 MB/? MB)
2025-08-05T06:26:56.110Z  INFO 1824 --- [ream--788184880] tc.mysql:9.2                             : Pulling image layers:  0 pending, 10 downloaded,  8 extracted, (228 MB/229 MB)
2025-08-05T06:27:16.749Z  INFO 1824 --- [ream--788184880] tc.mysql:9.2                             : Pulling image layers:  0 pending, 10 downloaded,  9 extracted, (229 MB/229 MB)
2025-08-05T06:27:16.791Z  INFO 1824 --- [ream--788184880] tc.mysql:9.2                             : Pulling image layers:  0 pending, 10 downloaded, 10 extracted, (229 MB/229 MB)
2025-08-05T06:27:16.824Z  INFO 1824 --- [           main] tc.mysql:9.2                             : Image mysql:9.2 pull took PT1M49.918480426S
2025-08-05T06:27:16.824Z  INFO 1824 --- [ream--788184880] tc.mysql:9.2                             : Pull complete. 10 layers, pulled in 106s (downloaded 229 MB at 2 MB/s)
2025-08-05T06:27:16.878Z  INFO 1824 --- [           main] .b.t.c.SpringBootTestContextBootstrapper : Found @SpringBootConfiguration org.springframework.samples.petclinic.PetClinicApplication for test class org.springframework.samples.petclinic.MySqlIntegrationTests
2025-08-05T06:27:16.908Z  INFO 1824 --- [           main] tc.mysql:9.2                             : Creating container for image: mysql:9.2
2025-08-05T06:27:25.652Z  INFO 1824 --- [           main] tc.mysql:9.2                             : Container mysql:9.2 is starting: 2efa049a3b4c7691dadce21afc8e22535e0cfa428b79b9da537377e0641822b3
2025-08-05T06:27:25.943Z  INFO 1824 --- [           main] tc.mysql:9.2                             : Waiting for database connection to become available at jdbc:mysql://localhost:32769/test using query 'SELECT 1'
2025-08-05T06:27:46.155Z  INFO 1824 --- [           main] tc.mysql:9.2                             : Container mysql:9.2 started in PT29.247349905S
2025-08-05T06:27:46.156Z  INFO 1824 --- [           main] tc.mysql:9.2                             : Container is started (JDBC URL: jdbc:mysql://localhost:32769/test)
2025-08-05T06:27:46.168Z  INFO 1824 --- [           main] o.s.b.d.r.RestartApplicationListener     : Restart disabled due to context in which it is running


              |\      _,,,--,,_
             /,`.-'`'   ._  \-;;,_
  _______ __|,4-  ) )_   .;.(__`'-'__     ___ __    _ ___ _______
 |       | '---''(_/._)-'(_\_)   |   |   |   |  |  | |   |       |
 |    _  |    ___|_     _|       |   |   |   |   |_| |   |       | __ _ _
 |   |_| |   |___  |   | |       |   |   |   |       |   |       | \ \ \ \
 |    ___|    ___| |   | |      _|   |___|   |  _    |   |      _|  \ \ \ \
 |   |   |   |___  |   | |     |_|       |   | | |   |   |     |_    ) ) ) )
 |___|   |_______| |___| |_______|_______|___|_|  |__|___|_______|  / / / /
 ==================================================================/_/_/_/

:: Built with Spring Boot :: 3.5.0


2025-08-05T06:27:46.232Z  INFO 1824 --- [           main] o.s.s.petclinic.MySqlIntegrationTests    : Starting MySqlIntegrationTests using Java 17.0.15 with PID 1824 (started by dhanush in /home/dhanush/DevOps_Projects/Springboot_Project_Advance/spring-petclinic)
2025-08-05T06:27:46.233Z  INFO 1824 --- [           main] o.s.s.petclinic.MySqlIntegrationTests    : The following 1 profile is active: "mysql"
2025-08-05T06:27:47.020Z  INFO 1824 --- [           main] .s.d.r.c.RepositoryConfigurationDelegate : Bootstrapping Spring Data JPA repositories in DEFAULT mode.
2025-08-05T06:27:47.056Z  INFO 1824 --- [           main] .s.d.r.c.RepositoryConfigurationDelegate : Finished Spring Data repository scanning in 33 ms. Found 3 JPA repository interfaces.
2025-08-05T06:27:47.340Z  INFO 1824 --- [           main] o.s.b.w.embedded.tomcat.TomcatWebServer  : Tomcat initialized with port 0 (http)
2025-08-05T06:27:47.342Z  INFO 1824 --- [           main] o.apache.catalina.core.StandardService   : Starting service [Tomcat]
2025-08-05T06:27:47.345Z  INFO 1824 --- [           main] o.apache.catalina.core.StandardEngine    : Starting Servlet engine: [Apache Tomcat/10.1.41]
2025-08-05T06:27:47.388Z  INFO 1824 --- [           main] o.a.c.c.C.[Tomcat-1].[localhost].[/]     : Initializing Spring embedded WebApplicationContext
2025-08-05T06:27:47.388Z  INFO 1824 --- [           main] w.s.c.ServletWebServerApplicationContext : Root WebApplicationContext: initialization completed in 1146 ms
2025-08-05T06:27:47.614Z  INFO 1824 --- [           main] com.zaxxer.hikari.HikariDataSource       : HikariPool-2 - Starting...
2025-08-05T06:27:47.834Z  INFO 1824 --- [           main] com.zaxxer.hikari.pool.HikariPool        : HikariPool-2 - Added connection com.mysql.cj.jdbc.ConnectionImpl@334a6e1d
2025-08-05T06:27:47.835Z  INFO 1824 --- [           main] com.zaxxer.hikari.HikariDataSource       : HikariPool-2 - Start completed.
2025-08-05T06:27:49.029Z  INFO 1824 --- [           main] o.hibernate.jpa.internal.util.LogHelper  : HHH000204: Processing PersistenceUnitInfo [name: default]
2025-08-05T06:27:49.035Z  INFO 1824 --- [           main] o.h.c.internal.RegionFactoryInitiator    : HHH000026: Second-level cache disabled
2025-08-05T06:27:49.057Z  INFO 1824 --- [           main] o.s.o.j.p.SpringPersistenceUnitInfo      : No LoadTimeWeaver setup: ignoring JPA class transformer
2025-08-05T06:27:49.118Z  INFO 1824 --- [           main] org.hibernate.orm.connections.pooling    : HHH10001005: Database info:
	Database JDBC URL [Connecting through datasource 'HikariDataSource (HikariPool-2)']
	Database driver: undefined/unknown
	Database version: 9.2
	Autocommit mode: undefined/unknown
	Isolation level: undefined/unknown
	Minimum pool size: undefined/unknown
	Maximum pool size: undefined/unknown
2025-08-05T06:27:49.405Z  INFO 1824 --- [           main] o.h.e.t.j.p.i.JtaPlatformInitiator       : HHH000489: No JTA platform available (set 'hibernate.transaction.jta.platform' to enable JTA platform integration)
2025-08-05T06:27:49.406Z  INFO 1824 --- [           main] j.LocalContainerEntityManagerFactoryBean : Initialized JPA EntityManagerFactory for persistence unit 'default'
2025-08-05T06:27:49.430Z  INFO 1824 --- [           main] tc.mysql:9.2                             : Creating container for image: mysql:9.2
2025-08-05T06:27:49.655Z  INFO 1824 --- [           main] tc.mysql:9.2                             : Container mysql:9.2 is starting: 4a6077fa146dfa1909cc104fd065dd51cb2e9247e07a66757b12ac41dd7a7fdb
2025-08-05T06:27:50.035Z  INFO 1824 --- [           main] tc.mysql:9.2                             : Waiting for database connection to become available at jdbc:mysql://localhost:32770/test using query 'SELECT 1'
2025-08-05T06:28:11.922Z  INFO 1824 --- [           main] tc.mysql:9.2                             : Container mysql:9.2 started in PT22.492001302S
2025-08-05T06:28:11.925Z  INFO 1824 --- [           main] tc.mysql:9.2                             : Container is started (JDBC URL: jdbc:mysql://localhost:32770/test)
2025-08-05T06:28:12.848Z  INFO 1824 --- [           main] o.s.b.a.e.web.EndpointLinksResolver      : Exposing 13 endpoints beneath base path '/actuator'
2025-08-05T06:28:12.909Z  INFO 1824 --- [           main] o.s.b.w.embedded.tomcat.TomcatWebServer  : Tomcat started on port 44333 (http) with context path '/'
2025-08-05T06:28:12.921Z  INFO 1824 --- [           main] o.s.s.petclinic.MySqlIntegrationTests    : Started MySqlIntegrationTests in 26.754 seconds (process running for 228.61)
]]></system-out>
  </testcase>
  <testcase name="testOwnerDetails" classname="org.springframework.samples.petclinic.MySqlIntegrationTests" time="0.115">
    <system-out><![CDATA[2025-08-05T06:28:13.064Z  INFO 1824 --- [o-auto-2-exec-1] o.a.c.c.C.[Tomcat-1].[localhost].[/]     : Initializing Spring DispatcherServlet 'dispatcherServlet'
2025-08-05T06:28:13.064Z  INFO 1824 --- [o-auto-2-exec-1] o.s.web.servlet.DispatcherServlet        : Initializing Servlet 'dispatcherServlet'
2025-08-05T06:28:13.065Z  INFO 1824 --- [o-auto-2-exec-1] o.s.web.servlet.DispatcherServlet        : Completed initialization in 1 ms
]]></system-out>
  </testcase>
</testsuite>